<?xml version="1.0" encoding="UTF-8"?>
<!-- Generated by org.testng.reporters.JUnitXMLReporter -->
<testsuite ignored="0" hostname="DevOps" failures="0" tests="7" name="Test" time="33.244" errors="0" timestamp="2023-07-11T01:47:52 BDT">
  <testcase classname="testcases.LoginText" name="testloginWithInvalidPassword" time="6.89"/>
  <testcase classname="testcases.LoginText" name="testLoginWithInvalidUsername" time="5.264"/>
  <testcase classname="testcases.LoginText" name="testLoginWithInvalidCredentials" time="2.667"/>
  <testcase classname="testcases.LoginText" name="testLoginWithInvalidCredentials" time="5.588"/>
  <testcase classname="testcases.LoginText" name="testloginWithValidCredentials" time="7.307"/>
  <testcase classname="testcases.productText" name="testFakeDataCreate" time="4.506"/>
  <testcase classname="testcases.LoginText" name="testLoginWithInvalidCredentials" time="2.308"/>
</testsuite> <!-- Test -->
